<?xml version="1.0" encoding="UTF-8"?>
<!-- Generated by org.testng.reporters.JUnitReportReporter -->
<testsuite skipped="0" hostname="SR-HP" name="test.AddNewAccountTest" tests="1" failures="0" timestamp="2021-03-07T14:08:59 CST" time="13.107" errors="0">
  <testcase name="userLogInScenario" time="13.107" classname="test.AddNewAccountTest"/>
  <system-out/>
</testsuite> <!-- test.AddNewAccountTest -->
