<?xml version="1.0" encoding="UTF-8"?>
<!-- Generated by org.testng.reporters.JUnitReportReporter -->
<testsuite skipped="0" hostname="SR-HP" name="test.loginTest" tests="1" failures="0" timestamp="2021-03-07T13:49:54 CST" time="8.248" errors="0">
  <testcase name="userLogInScenario" time="8.248" classname="test.loginTest"/>
  <system-out/>
</testsuite> <!-- test.loginTest -->
